Apr-05 19:37:18.380 [main] DEBUG nextflow.cli.Launcher - $> nextflow run ebenz99/SPARCED -r 9f7b5804e89922c26b060ce1ad5389089c75d368
Apr-05 19:37:18.591 [main] INFO  nextflow.cli.CmdRun - N E X T F L O W  ~  version 20.01.0
Apr-05 19:37:18.648 [main] INFO  nextflow.cli.CmdRun - Pulling ebenz99/SPARCED ...
Apr-05 19:37:18.653 [main] DEBUG nextflow.scm.RepositoryProvider - Request [credentials -:-] -> https://api.github.com/repos/ebenz99/SPARCED/contents/nextflow.config
Apr-05 19:37:21.094 [main] DEBUG nextflow.scm.RepositoryProvider - Request [credentials -:-] -> https://api.github.com/repos/ebenz99/SPARCED/contents/main.nf
Apr-05 19:37:21.193 [main] DEBUG nextflow.scm.RepositoryProvider - Request [credentials -:-] -> https://api.github.com/repos/ebenz99/SPARCED
Apr-05 19:37:21.462 [main] DEBUG nextflow.scm.AssetManager - Pulling ebenz99/SPARCED -- Using remote clone url: https://github.com/ebenz99/SPARCED.git
Apr-05 19:37:32.291 [main] INFO  nextflow.cli.CmdRun -  downloaded from https://github.com/ebenz99/SPARCED.git
Apr-05 19:37:33.240 [main] DEBUG nextflow.scm.AssetManager - Git config: /home/ethan/.nextflow/assets/ebenz99/SPARCED/.git/config; branch: master; remote: origin; url: https://github.com/ebenz99/SPARCED.git
Apr-05 19:37:33.241 [main] INFO  nextflow.cli.CmdRun - Launching `ebenz99/SPARCED` [lonely_newton] - revision: 9f7b5804e89922c26b060ce1ad5389089c75d368
Apr-05 19:37:33.271 [main] DEBUG nextflow.config.ConfigBuilder - Found config base: /home/ethan/.nextflow/assets/ebenz99/SPARCED/nextflow.config
Apr-05 19:37:33.273 [main] DEBUG nextflow.config.ConfigBuilder - Found config local: /home/ethan/code/workspaces/SPARCED/nextflow.config
Apr-05 19:37:33.274 [main] DEBUG nextflow.config.ConfigBuilder - Parsing config file: /home/ethan/.nextflow/assets/ebenz99/SPARCED/nextflow.config
Apr-05 19:37:33.275 [main] DEBUG nextflow.config.ConfigBuilder - Parsing config file: /home/ethan/code/workspaces/SPARCED/nextflow.config
Apr-05 19:37:33.289 [main] DEBUG nextflow.config.ConfigBuilder - Applying config profile: `standard`
Apr-05 19:37:33.328 [main] DEBUG nextflow.config.ConfigBuilder - Applying config profile: `standard`
Apr-05 19:37:33.405 [main] DEBUG nextflow.Session - Session uuid: 0d4142fa-d119-4d69-9a10-c7da9310cf72
Apr-05 19:37:33.406 [main] DEBUG nextflow.Session - Run name: lonely_newton
Apr-05 19:37:33.407 [main] DEBUG nextflow.Session - Executor pool size: 4
Apr-05 19:37:33.423 [main] DEBUG nextflow.cli.CmdRun - 
  Version: 20.01.0 build 5264
  Created: 12-02-2020 10:14 UTC (05:14 EDT)
  System: Linux 5.3.0-42-generic
  Runtime: Groovy 2.5.8 on OpenJDK 64-Bit Server VM 1.8.0_242-8u242-b08-0ubuntu3~18.04-b08
  Encoding: UTF-8 (UTF-8)
  Process: 26600@mint [127.0.1.1]
  CPUs: 4 - Mem: 15.4 GB (3.5 GB) - Swap: 2 GB (1.6 GB)
Apr-05 19:37:33.446 [main] DEBUG nextflow.Session - Work-dir: /home/ethan/code/workspaces/SPARCED/work [ext2/ext3]
Apr-05 19:37:33.446 [main] DEBUG nextflow.Session - Script base path does not exist or is not a directory: /home/ethan/.nextflow/assets/ebenz99/SPARCED/bin
Apr-05 19:37:33.478 [main] DEBUG nextflow.Session - Observer factory: TowerFactory
Apr-05 19:37:33.481 [main] DEBUG nextflow.Session - Observer factory: DefaultObserverFactory
Apr-05 19:37:33.718 [main] DEBUG nextflow.Session - Session start invoked
Apr-05 19:37:33.898 [main] DEBUG nextflow.script.ScriptRunner - > Launching execution
Apr-05 19:37:33.929 [main] DEBUG nextflow.Session - Workflow process names [dsl1]: start
Apr-05 19:37:34.017 [main] DEBUG nextflow.executor.ExecutorFactory - << taskConfig executor: null
Apr-05 19:37:34.017 [main] DEBUG nextflow.executor.ExecutorFactory - >> processorType: 'local'
Apr-05 19:37:34.026 [main] DEBUG nextflow.executor.Executor - [warm up] executor > local
Apr-05 19:37:34.034 [main] DEBUG n.processor.LocalPollingMonitor - Creating local task monitor for executor 'local' > cpus=4; memory=15.4 GB; capacity=4; pollInterval=100ms; dumpInterval=5m
Apr-05 19:37:34.187 [main] DEBUG nextflow.processor.TaskProcessor - Creating operator > start -- maxForks: 4; blocking: false
Apr-05 19:37:34.251 [main] DEBUG nextflow.script.ScriptRunner - > Await termination 
Apr-05 19:37:34.251 [main] DEBUG nextflow.Session - Session await
Apr-05 19:37:34.570 [Task submitter] DEBUG nextflow.executor.LocalTaskHandler - Launch cmd line: /bin/bash -ue .command.run
Apr-05 19:37:34.575 [Task submitter] INFO  nextflow.Session - [6c/2ec932] Submitted process > start
Apr-05 19:37:37.082 [Task monitor] DEBUG n.processor.TaskPollingMonitor - Task completed > TaskHandler[id: 1; name: start; status: COMPLETED; exit: 1; error: -; workDir: /home/ethan/code/workspaces/SPARCED/work/6c/2ec93283902454750bb5d4315da032]
Apr-05 19:37:37.121 [Task monitor] ERROR nextflow.processor.TaskProcessor - Error executing process > 'start'

Caused by:
  Process `start` terminated with an error exit status (1)

Command executed:

  pip3 freeze > reqs.txt
  
  cd ..
  cd ..
  cd ..
  
  cd SPARCED
  python3 SPARCED_ModelCreateWrite.py
  python3 RunModel.py

Command exit status:
  1

Command output:
  (empty)

Command error:
  .command.sh: line 8: cd: SPARCED: No such file or directory

Work dir:
  /home/ethan/code/workspaces/SPARCED/work/6c/2ec93283902454750bb5d4315da032

Tip: you can try to figure out what's wrong by changing to the process work dir and showing the script file named `.command.sh`
Apr-05 19:37:37.134 [main] DEBUG nextflow.Session - Session await > all process finished
Apr-05 19:37:37.137 [Task monitor] DEBUG nextflow.Session - Session aborted -- Cause: Process `start` terminated with an error exit status (1)
Apr-05 19:37:37.407 [main] DEBUG nextflow.Session - Session await > all barriers passed
Apr-05 19:37:37.473 [main] DEBUG nextflow.trace.WorkflowStatsObserver - Workflow completed > WorkflowStats[succeededCount=0; failedCount=1; ignoredCount=0; cachedCount=0; pendingCount=0; submittedCount=0; runningCount=0; retriesCount=0; abortedCount=0; succeedDuration=0ms; failedDuration=2.4s; cachedDuration=0ms;loadCpus=0; loadMemory=0; peakRunning=1; peakCpus=1; peakMemory=0; ]
Apr-05 19:37:37.595 [main] DEBUG nextflow.CacheDB - Closing CacheDB done
Apr-05 19:37:37.628 [main] DEBUG nextflow.script.ScriptRunner - > Execution complete -- Goodbye
